This file contains any messages produced by compilers while
running configure, to aid debugging if configure makes a mistake.

It was created by configure, which was
generated by GNU Autoconf 2.53.  Invocation command line was

  $ ./configure --no-create --no-recursion

## --------- ##
## Platform. ##
## --------- ##

hostname = pentium.andsoft.it
uname -m = i686
uname -r = 2.4.22
uname -s = Linux
uname -v = #1 Sun Sep 21 10:17:21 CEST 2003

/usr/bin/uname -p = unknown
/bin/uname -X     = unknown

/bin/arch              = i686
/usr/bin/arch -k       = unknown
/usr/convex/getsysinfo = unknown
hostinfo               = unknown
/bin/machine           = unknown
/usr/bin/oslevel       = unknown
/bin/universe          = unknown

PATH: /usr/local/bin
PATH: /bin
PATH: /usr/bin
PATH: /usr/X11R6/bin
PATH: /opt/jdk1.4.1_01/bin
PATH: /home/andrea/bin


## ----------- ##
## Core tests. ##
## ----------- ##

configure:1195: checking for a BSD-compatible install
configure:1249: result: /usr/bin/install -c
configure:1260: checking whether build environment is sane
configure:1303: result: yes
configure:1318: checking whether make sets ${MAKE}
configure:1338: result: yes
configure:1370: checking for working aclocal
configure:1377: result: found
configure:1385: checking for working autoconf
configure:1392: result: found
configure:1400: checking for working automake
configure:1407: result: found
configure:1415: checking for working autoheader
configure:1422: result: found
configure:1430: checking for working makeinfo
configure:1441: result: missing
configure:1498: checking for gcc
configure:1514: found /usr/bin/gcc
configure:1524: result: gcc
configure:1768: checking for C compiler version
configure:1771: gcc --version </dev/null >&5
2.96
configure:1774: $? = 0
configure:1776: gcc -v </dev/null >&5
Reading specs from /usr/lib/gcc-lib/i386-redhat-linux/2.96/specs
gcc version 2.96 20000731 (Red Hat Linux 7.2 2.96-112.7.2)
configure:1779: $? = 0
configure:1781: gcc -V </dev/null >&5
gcc: argument to `-V' is missing
configure:1784: $? = 1
configure:1810: checking for C compiler default output
configure:1813: gcc    conftest.c  >&5
configure:1816: $? = 0
configure:1849: result: a.out
configure:1854: checking whether the C compiler works
configure:1860: ./a.out
configure:1863: $? = 0
configure:1878: result: yes
configure:1885: checking whether we are cross compiling
configure:1887: result: no
configure:1890: checking for suffix of executables
configure:1892: gcc -o conftest    conftest.c  >&5
configure:1895: $? = 0
configure:1917: result: 
configure:1923: checking for suffix of object files
configure:1947: gcc -c   conftest.c >&5
configure:1950: $? = 0
configure:1969: result: o
configure:1973: checking whether we are using the GNU C compiler
configure:2000: gcc -c   conftest.c >&5
configure:2003: $? = 0
configure:2006: test -s conftest.o
configure:2009: $? = 0
configure:2021: result: yes
configure:2027: checking whether gcc accepts -g
configure:2051: gcc -c -g  conftest.c >&5
configure:2054: $? = 0
configure:2057: test -s conftest.o
configure:2060: $? = 0
configure:2070: result: yes
configure:2097: gcc -c -g -O2  conftest.c >&5
conftest.c:2: parse error before `me'
configure:2100: $? = 1
configure: failed program was:
#ifndef __cplusplus
  choke me
#endif
configure:2212: checking for strerror in -lcposix
configure:2245: gcc -o conftest -g -O2   conftest.c -lcposix   >&5
/usr/bin/ld: cannot find -lcposix
collect2: ld returned 1 exit status
configure:2248: $? = 1
configure: failed program was:
#line 2219 "configure"
#include "confdefs.h"

/* Override any gcc2 internal prototype to avoid an error.  */
#ifdef __cplusplus
extern "C"
#endif
/* We use char because int might match the return type of a gcc2
   builtin and then its argument prototype would still apply.  */
char strerror ();
#ifdef F77_DUMMY_MAIN
#  ifdef __cplusplus
     extern "C"
#  endif
   int F77_DUMMY_MAIN() { return 1; }
#endif
int
main ()
{
strerror ();
  ;
  return 0;
}
configure:2265: result: no
configure:2319: checking for gcc
configure:2345: result: gcc
configure:2589: checking for C compiler version
configure:2592: gcc --version </dev/null >&5
2.96
configure:2595: $? = 0
configure:2597: gcc -v </dev/null >&5
Reading specs from /usr/lib/gcc-lib/i386-redhat-linux/2.96/specs
gcc version 2.96 20000731 (Red Hat Linux 7.2 2.96-112.7.2)
configure:2600: $? = 0
configure:2602: gcc -V </dev/null >&5
gcc: argument to `-V' is missing
configure:2605: $? = 1
configure:2608: checking whether we are using the GNU C compiler
configure:2656: result: yes
configure:2662: checking whether gcc accepts -g
configure:2705: result: yes
configure:2732: gcc -c -g -O2  conftest.c >&5
conftest.c:2: parse error before `me'
configure:2735: $? = 1
configure: failed program was:
#ifndef __cplusplus
  choke me
#endif
configure:2848: checking for gcc option to accept ANSI C
configure:2913: gcc  -c -g -O2  conftest.c >&5
configure:2916: $? = 0
configure:2919: test -s conftest.o
configure:2922: $? = 0
configure:2936: result: none needed
configure:2952: checking how to run the C preprocessor
configure:2978: gcc -E  conftest.c
configure:2984: $? = 0
configure:3011: gcc -E  conftest.c
configure:3007:28: ac_nonexistent.h: No such file or directory
configure:3017: $? = 1
configure: failed program was:
#line 3006 "configure"
#include "confdefs.h"
#include <ac_nonexistent.h>
configure:3054: result: gcc -E
configure:3069: gcc -E  conftest.c
configure:3075: $? = 0
configure:3102: gcc -E  conftest.c
configure:3098:28: ac_nonexistent.h: No such file or directory
configure:3108: $? = 1
configure: failed program was:
#line 3097 "configure"
#include "confdefs.h"
#include <ac_nonexistent.h>
configure:3148: checking for ANSI C header files
configure:3162: gcc -E  conftest.c
configure:3168: $? = 0
configure:3253: gcc -o conftest -g -O2   conftest.c  >&5
configure:3256: $? = 0
configure:3258: ./conftest
configure:3261: $? = 0
configure:3275: result: yes
configure:3334: checking for gtk-config
configure:3352: found /usr/bin/gtk-config
configure:3365: result: /usr/bin/gtk-config
configure:3373: checking for GTK - version >= 1.2.0
configure:3476: gcc -o conftest -g -O2 -I/usr/include/gtk-1.2 -I/usr/include/glib-1.2 -I/usr/lib/glib/include -I/usr/X11R6/include   conftest.c -L/usr/lib -L/usr/X11R6/lib -lgtk -lgdk -rdynamic -lgmodule -lglib -ldl -lXi -lXext -lX11 -lm  >&5
configure:3479: $? = 0
configure:3481: ./conftest
configure:3484: $? = 0
configure:3501: result: yes
configure:3703: creating ./config.status

## ---------------- ##
## Cache variables. ##
## ---------------- ##

ac_cv_c_compiler_gnu=yes
ac_cv_env_CC_set=
ac_cv_env_CC_value=
ac_cv_env_CFLAGS_set=
ac_cv_env_CFLAGS_value=
ac_cv_env_CPPFLAGS_set=
ac_cv_env_CPPFLAGS_value=
ac_cv_env_CPP_set=
ac_cv_env_CPP_value=
ac_cv_env_LDFLAGS_set=
ac_cv_env_LDFLAGS_value=
ac_cv_env_build_alias_set=
ac_cv_env_build_alias_value=
ac_cv_env_host_alias_set=
ac_cv_env_host_alias_value=
ac_cv_env_target_alias_set=
ac_cv_env_target_alias_value=
ac_cv_exeext=
ac_cv_header_stdc=yes
ac_cv_lib_cposix_strerror=no
ac_cv_objext=o
ac_cv_path_GTK_CONFIG=/usr/bin/gtk-config
ac_cv_path_install=$'/usr/bin/install -c'
ac_cv_prog_CPP=$'gcc -E'
ac_cv_prog_ac_ct_CC=gcc
ac_cv_prog_cc_g=yes
ac_cv_prog_make_make_set=yes
am_cv_prog_cc_stdc=

## ----------- ##
## confdefs.h. ##
## ----------- ##

#define PACKAGE_NAME ""
#define PACKAGE_TARNAME ""
#define PACKAGE_VERSION ""
#define PACKAGE_STRING ""
#define PACKAGE_BUGREPORT ""
#define PACKAGE "chat"
#define VERSION "0.9.3"
#define STDC_HEADERS 1
#define PACKAGE_DATA_DIR "/usr/local/share/chat"
#define PACKAGE_SOURCE_DIR "/home/andrea/progetti/chat"

configure: exit 0

## ---------------------- ##
## Running config.status. ##
## ---------------------- ##

This file was extended by config.status, which was
generated by GNU Autoconf 2.53.  Invocation command line was

  CONFIG_FILES    = Makefile
  CONFIG_HEADERS  = 
  CONFIG_LINKS    = 
  CONFIG_COMMANDS = 
  $ ./config.status 

on pentium.andsoft.it

config.status:590: creating Makefile
config.status:880: executing default-1 commands

## ---------------------- ##
## Running config.status. ##
## ---------------------- ##

This file was extended by config.status, which was
generated by GNU Autoconf 2.53.  Invocation command line was

  CONFIG_FILES    = 
  CONFIG_HEADERS  = config.h
  CONFIG_LINKS    = 
  CONFIG_COMMANDS = 
  $ ./config.status 

on pentium.andsoft.it

config.status:694: creating config.h
config.status:880: executing default-1 commands

## ---------------------- ##
## Running config.status. ##
## ---------------------- ##

This file was extended by config.status, which was
generated by GNU Autoconf 2.53.  Invocation command line was

  CONFIG_FILES    = src/Makefile
  CONFIG_HEADERS  = 
  CONFIG_LINKS    = 
  CONFIG_COMMANDS = 
  $ ./config.status 

on pentium.andsoft.it

config.status:590: creating src/Makefile
config.status:880: executing default-1 commands
